app/build/intermediates/manifest_merge_blame_file/debug/manifest-merger-blame-debug-report.txt
1<?xml version="1.0" encoding="utf-8"?>
2<manifest xmlns:android="http://schemas.android.com/apk/res/android"
3    package="com.example.newbd"
4    android:versionCode="1"
5    android:versionName="1.0" >
6
7    <uses-sdk
8        android:minSdkVersion="21"
8-->src\main\AndroidManifest.xml
9        android:targetSdkVersion="29" />
9-->src\main\AndroidManifest.xml
10
11    <uses-permission android:name="android.permission.INTERNET" />
11-->src\main\AndroidManifest.xml:5:5-67
11-->src\main\AndroidManifest.xml:5:22-64
12    <uses-permission android:name="android.permission.ACCESS_NETWORK_STATE" />
12-->src\main\AndroidManifest.xml:6:5-79
12-->src\main\AndroidManifest.xml:6:22-76
13
14    <application
14-->src\main\AndroidManifest.xml:8:5-47:19
15        android:allowBackup="true"
15-->src\main\AndroidManifest.xml:9:9-35
16        android:appComponentFactory="androidx.core.app.CoreComponentFactory"
16-->[androidx.core:core:1.1.0] AndroidManifest.xml:24:18-86
17        android:debuggable="true"
18        android:icon="@mipmap/ic_launcher"
18-->src\main\AndroidManifest.xml:10:9-43
19        android:label="@string/app_name"
19-->src\main\AndroidManifest.xml:11:9-41
20        android:roundIcon="@mipmap/ic_launcher_round"
20-->src\main\AndroidManifest.xml:12:9-54
21        android:supportsRtl="true"
21-->src\main\AndroidManifest.xml:13:9-35
22        android:testOnly="true"
23        android:theme="@style/AppTheme" >
23-->src\main\AndroidManifest.xml:14:9-40
24        <activity
24-->src\main\AndroidManifest.xml:16:9-19:58
25            android:name="com.example.newbd.MainActivity"
25-->src\main\AndroidManifest.xml:17:13-41
26            android:label="@string/app_name"
26-->src\main\AndroidManifest.xml:18:13-45
27            android:theme="@style/AppTheme.NoActionBar" />
27-->src\main\AndroidManifest.xml:19:13-56
28        <activity
28-->src\main\AndroidManifest.xml:21:9-37:20
29            android:name="com.example.newbd.HomeActivity"
29-->src\main\AndroidManifest.xml:21:19-47
30            android:label="@string/app_name"
30-->src\main\AndroidManifest.xml:23:13-45
31            android:theme="@style/AppTheme.NoActionBar" >
31-->src\main\AndroidManifest.xml:24:13-56
32            <intent-filter>
32-->src\main\AndroidManifest.xml:32:13-36:29
33                <action android:name="android.intent.action.MAIN" />
33-->src\main\AndroidManifest.xml:33:17-69
33-->src\main\AndroidManifest.xml:33:25-66
34
35                <category android:name="android.intent.category.LAUNCHER" />
35-->src\main\AndroidManifest.xml:35:17-77
35-->src\main\AndroidManifest.xml:35:27-74
36            </intent-filter>
37        </activity>
38        <activity
38-->src\main\AndroidManifest.xml:38:9-46:20
39            android:name="com.example.newbd.SettingsActivity"
39-->src\main\AndroidManifest.xml:39:13-45
40            android:label="@string/action_settings"
40-->src\main\AndroidManifest.xml:40:13-52
41            android:screenOrientation="portrait"
41-->src\main\AndroidManifest.xml:41:13-49
42            android:theme="@style/SettingsTheme" >
42-->src\main\AndroidManifest.xml:42:13-49
43            <meta-data
43-->src\main\AndroidManifest.xml:43:13-45:49
44                android:name="android.support.PARENT_ACTIVITY"
44-->src\main\AndroidManifest.xml:44:17-63
45                android:value=".MainActivity" />
45-->src\main\AndroidManifest.xml:45:17-46
46        </activity>
47    </application>
48
49</manifest>